<?xml version="1.0" encoding="UTF-8"?>
<!-- Generated by org.testng.reporters.JUnitXMLReporter -->
<testsuite ignored="0" hostname="DESKTOP-PBFSBHT" failures="0" tests="5" name="Open Cart Home Page Test" time="12.634" errors="0" timestamp="2025-02-22T12:09:24 IST">
  <testcase classname="com.qa.opencart.tests.HomePageTest" name="validateHomepageTitleTest" time="0.155"/>
  <testcase classname="com.qa.opencart.tests.HomePageTest" name="validateHomepageUrlTest" time="0.007"/>
  <testcase classname="com.qa.opencart.tests.HomePageTest" name="validateSearchHeaderTest" time="0.528"/>
  <testcase classname="com.qa.opencart.tests.HomePageTest" name="validateSearchHeaderTest" time="0.464"/>
  <testcase classname="com.qa.opencart.tests.HomePageTest" name="validateSearchHeaderTest" time="0.458"/>
</testsuite> <!-- Open Cart Home Page Test -->
